Flow report for vm1
Sat Mar 14 23:39:53 2015
Quartus II 64-Bit Version 11.1 Build 173 11/01/2011 SJ Full Version


---------------------
; Table of Contents ;
---------------------
  1. Legal Notice
  2. Flow Summary
  3. Flow Settings
  4. Flow Non-Default Global Settings
  5. Flow Elapsed Time
  6. Flow OS Summary
  7. Flow Log



----------------
; Legal Notice ;
----------------
Copyright (C) 1991-2011 Altera Corporation
Your use of Altera Corporation's design tools, logic functions 
and other software and tools, and its AMPP partner logic 
functions, and any output files from any of the foregoing 
(including device programming or simulation files), and any 
associated documentation or information are expressly subject 
to the terms and conditions of the Altera Program License 
Subscription Agreement, Altera MegaCore Function License 
Agreement, or other applicable license agreement, including, 
without limitation, that your use is for the sole purpose of 
programming logic devices manufactured by Altera and sold by 
Altera or its authorized distributors.  Please refer to the 
applicable agreement for further details.



+--------------------------------------------------------------------------------+
; Flow Summary                                                                   ;
+------------------------------------+-------------------------------------------+
; Flow Status                        ; Successful - Sat Mar 14 23:39:53 2015     ;
; Quartus II 32-bit Version          ; 11.1 Build 173 11/01/2011 SJ Full Version ;
; Revision Name                      ; vm1                                       ;
; Top-level Entity Name              ; de0                                       ;
; Family                             ; Cyclone III                               ;
; Device                             ; EP3C16F484C6                              ;
; Timing Models                      ; Final                                     ;
; Total logic elements               ; 2,460 / 15,408 ( 16 % )                   ;
;     Total combinational functions  ; 2,448 / 15,408 ( 16 % )                   ;
;     Dedicated logic registers      ; 77 / 15,408 ( < 1 % )                     ;
; Total registers                    ; 77                                        ;
; Total pins                         ; 252 / 347 ( 73 % )                        ;
; Total virtual pins                 ; 0                                         ;
; Total memory bits                  ; 0 / 516,096 ( 0 % )                       ;
; Embedded Multiplier 9-bit elements ; 0 / 112 ( 0 % )                           ;
; Total PLLs                         ; 0 / 4 ( 0 % )                             ;
; Quartus II 64-Bit Version          ; 11.1 Build 173 11/01/2011 SJ Full Version ;
+------------------------------------+-------------------------------------------+


+-----------------------------------------+
; Flow Settings                           ;
+-------------------+---------------------+
; Option            ; Setting             ;
+-------------------+---------------------+
; Start date & time ; 03/09/2015 00:45:22 ;
; Main task         ; Compilation         ;
; Revision Name     ; vm1                 ;
+-------------------+---------------------+


+---------------------------------------------------------------------------------------------------------------------+
; Flow Non-Default Global Settings                                                                                    ;
+--------------------------------------+-------------------------------+---------------+-------------+----------------+
; Assignment Name                      ; Value                         ; Default Value ; Entity Name ; Section Id     ;
+--------------------------------------+-------------------------------+---------------+-------------+----------------+
; ALLOW_POWER_UP_DONT_CARE             ; Off                           ; On            ; --          ; --             ;
; COMPILER_SIGNATURE_ID                ; 1096716261042.142584032206324 ; --            ; --          ; --             ;
; EDA_DESIGN_INSTANCE_NAME             ; NA                            ; --            ; --          ; tb1            ;
; EDA_NATIVELINK_SIMULATION_TEST_BENCH ; tb1                           ; --            ; --          ; eda_simulation ;
; EDA_OUTPUT_DATA_FORMAT               ; Verilog Hdl                   ; --            ; --          ; eda_simulation ;
; EDA_SIMULATION_TOOL                  ; ModelSim-Altera (Verilog)     ; <None>        ; --          ; --             ;
; EDA_TEST_BENCH_ENABLE_STATUS         ; TEST_BENCH_MODE               ; --            ; --          ; eda_simulation ;
; EDA_TEST_BENCH_FILE                  ; source/tbench.v               ; --            ; --          ; tb1            ;
; EDA_TEST_BENCH_MODULE_NAME           ; tb1                           ; --            ; --          ; tb1            ;
; EDA_TEST_BENCH_NAME                  ; tb1                           ; --            ; --          ; eda_simulation ;
; EDA_TIME_SCALE                       ; 1 ps                          ; --            ; --          ; eda_simulation ;
; FITTER_EFFORT                        ; Standard Fit                  ; Auto Fit      ; --          ; --             ;
; MAX_CORE_JUNCTION_TEMP               ; 85                            ; --            ; --          ; --             ;
; MIN_CORE_JUNCTION_TEMP               ; 0                             ; --            ; --          ; --             ;
; OPTIMIZE_HOLD_TIMING                 ; Off                           ; All Paths     ; --          ; --             ;
; OPTIMIZE_MULTI_CORNER_TIMING         ; On                            ; Off           ; --          ; --             ;
; OUTPUT_IO_TIMING_FAR_END_VMEAS       ; Half Signal Swing             ; --            ; --          ; --             ;
; OUTPUT_IO_TIMING_FAR_END_VMEAS       ; Half Signal Swing             ; --            ; --          ; --             ;
; OUTPUT_IO_TIMING_NEAR_END_VMEAS      ; Half Vccio                    ; --            ; --          ; --             ;
; OUTPUT_IO_TIMING_NEAR_END_VMEAS      ; Half Vccio                    ; --            ; --          ; --             ;
; PARTITION_COLOR                      ; 16764057                      ; --            ; de0         ; Top            ;
; PARTITION_FITTER_PRESERVATION_LEVEL  ; PLACEMENT_AND_ROUTING         ; --            ; de0         ; Top            ;
; PARTITION_NETLIST_TYPE               ; SOURCE                        ; --            ; de0         ; Top            ;
; POWER_BOARD_THERMAL_MODEL            ; None (CONSERVATIVE)           ; --            ; --          ; --             ;
; POWER_PRESET_COOLING_SOLUTION        ; No Heat Sink With Still Air   ; --            ; --          ; --             ;
; PROJECT_OUTPUT_DIRECTORY             ; output_files                  ; --            ; --          ; --             ;
; SMART_RECOMPILE                      ; On                            ; Off           ; --          ; --             ;
; TOP_LEVEL_ENTITY                     ; de0                           ; vm1           ; --          ; --             ;
+--------------------------------------+-------------------------------+---------------+-------------+----------------+


+--------------------------------------------------------------------------------------------------------------------------+
; Flow Elapsed Time                                                                                                        ;
+----------------------+--------------+-------------------------+---------------------+------------------------------------+
; Module Name          ; Elapsed Time ; Average Processors Used ; Peak Virtual Memory ; Total CPU Time (on all processors) ;
+----------------------+--------------+-------------------------+---------------------+------------------------------------+
; Analysis & Synthesis ; 00:00:53     ; 1.0                     ; 320 MB              ; 00:00:52                           ;
; Fitter               ; 00:00:01     ; 1.0                     ; 271 MB              ; 00:00:01                           ;
; Fitter               ; 00:00:01     ; 1.0                     ; 338 MB              ; 00:00:01                           ;
; Fitter               ; 00:00:35     ; 2.0                     ; 615 MB              ; 00:00:39                           ;
; Total                ; 00:01:30     ; --                      ; --                  ; 00:01:33                           ;
+----------------------+--------------+-------------------------+---------------------+------------------------------------+


+-----------------------------------------------------------------------------------+
; Flow OS Summary                                                                   ;
+----------------------+------------------+-----------+------------+----------------+
; Module Name          ; Machine Hostname ; OS Name   ; OS Version ; Processor type ;
+----------------------+------------------+-----------+------------+----------------+
; Analysis & Synthesis ; V-PC             ; Windows 7 ; 6.1        ; x86_64         ;
; Fitter               ; V-PC             ; Windows 7 ; 6.1        ; x86_64         ;
; Fitter               ; V-PC             ; Windows 7 ; 6.1        ; x86_64         ;
; Fitter               ; V-PC             ; Windows 7 ; 6.1        ; x86_64         ;
+----------------------+------------------+-----------+------------+----------------+


------------
; Flow Log ;
------------
quartus_map --read_settings_files=on --write_settings_files=off vm1 -c vm1
quartus_fit --read_settings_files=on --write_settings_files=off vm1 -c vm1
quartus_fit --read_settings_files=on --write_settings_files=off vm1 -c vm1
quartus_fit --read_settings_files=on --write_settings_files=off vm1 -c vm1



